#
# There is insufficient memory for the Java Runtime Environment to continue.
# Native memory allocation (mmap) failed to map 125829120 bytes for Failed to commit area from 0x0000000089000000 to 0x0000000090800000 of length 125829120.
# Possible reasons:
#   The system is out of physical RAM or swap space
#   The process is running with CompressedOops enabled, and the Java Heap may be blocking the growth of the native heap
# Possible solutions:
#   Reduce memory load on the system
#   Increase physical memory or swap space
#   Check if swap backing store is full
#   Decrease Java heap size (-Xmx/-Xms)
#   Decrease number of Java threads
#   Decrease Java thread stack sizes (-Xss)
#   Set larger code cache with -XX:ReservedCodeCacheSize=
# This output file may be truncated or incomplete.
#
#  Out of Memory Error (c:/BuildAgent/work/5ff2f6c26000d570/src/hotspot/os/windows/os_windows.cpp:3281), pid=2492, tid=9840
#
# JRE version:  (11.0.4+10) (build )
# Java VM: OpenJDK 64-Bit Server VM (11.0.4+10-b520.11, mixed mode, aot, sharing, tiered, compressed oops, g1 gc, windows-amd64)
# No core dump will be written. Minidumps are not enabled by default on client versions of Windows
#

---------------  S U M M A R Y ------------

Command Line: org.jetbrains.git4idea.http.GitAskPassApp Username for 'https://github.com': 

Host: AMD PRO A10-9700E R7, 10 COMPUTE CORES 4C+6G   , 4 cores, 7G,  Windows 10 , 64 bit Build 18362 (10.0.18362.329)
Time: Thu Jan  9 19:02:20 2020 Hora Padrão de Buenos Aires elapsed time: 0 seconds (0d 0h 0m 0s)

---------------  T H R E A D  ---------------

Current thread (0x0000020ede107000):  JavaThread "Unknown thread" [_thread_in_vm, id=9840, stack(0x000000c074a00000,0x000000c074b00000)]

Stack: [0x000000c074a00000,0x000000c074b00000]
Native frames: (J=compiled Java code, j=interpreted, Vv=VM code, C=native code)
V  [jvm.dll+0x5db21a]
V  [jvm.dll+0x70c4f5]
V  [jvm.dll+0x70da18]
V  [jvm.dll+0x70e0e3]
V  [jvm.dll+0x23de68]
V  [jvm.dll+0x5d8984]
V  [jvm.dll+0x5cda05]
V  [jvm.dll+0x2fa6bb]
V  [jvm.dll+0x2fa62a]
V  [jvm.dll+0x2fa502]
V  [jvm.dll+0x2ff3c6]
V  [jvm.dll+0x3478b3]
V  [jvm.dll+0x347fb6]
V  [jvm.dll+0x3479b3]
V  [jvm.dll+0x2d4f98]
V  [jvm.dll+0x2d6147]
V  [jvm.dll+0x6eb6e7]
V  [jvm.dll+0x6ecedc]
V  [jvm.dll+0x354fe9]
V  [jvm.dll+0x6d35ae]
V  [jvm.dll+0x3bd7e3]
V  [jvm.dll+0x3bfb81]
C  [java.exe+0x3763]
C  [java.exe+0x17a0c]
C  [KERNEL32.DLL+0x17bd4]
C  [ntdll.dll+0x6ced1]


---------------  P R O C E S S  ---------------

Threads class SMR info:
_java_thread_list=0x0000020edc771ad0, length=0, elements={
}

Java Threads: ( => current thread )

Other Threads:
  0x0000020ede11f800 GCTaskThread "GC Thread#0" [stack: 0x000000c074b00000,0x000000c074c00000] [id=13968]
  0x0000020ede14e800 ConcurrentGCThread "G1 Main Marker" [stack: 0x000000c074c00000,0x000000c074d00000] [id=14152]
  0x0000020ede151000 ConcurrentGCThread "G1 Conc#0" [stack: 0x000000c074d00000,0x000000c074e00000] [id=3372]

[error occurred during error reporting (printing all threads), id 0xc0000005, EXCEPTION_ACCESS_VIOLATION (0xc0000005) at pc=0x00007ffe6dac58a7]

VM state:not at safepoint (not fully initialized)

VM Mutex/Monitor currently owned by a thread:  ([mutex/lock_event])
[0x0000020ede1033f0] Heap_lock - owner thread: 0x0000020ede107000

Heap address: 0x0000000089000000, size: 1904 MB, Compressed Oops mode: Non-zero based: 0x0000000089000000
Narrow klass base: 0x0000000000000000, Narrow klass shift: 0

GC Heap History (0 events):
No events

Deoptimization events (0 events):
No events

Classes redefined (0 events):
No events

Internal exceptions (0 events):
No events

Events (0 events):
No events


Dynamic libraries:
0x00007ff713800000 - 0x00007ff713847000 	C:\Program Files\JetBrains\PhpStorm 2019.3\jbr\bin\java.exe
0x00007ffecfbe0000 - 0x00007ffecfdd0000 	C:\WINDOWS\SYSTEM32\ntdll.dll
0x00007ffece230000 - 0x00007ffece2e2000 	C:\WINDOWS\System32\KERNEL32.DLL
0x00007ffecd7d0000 - 0x00007ffecda73000 	C:\WINDOWS\System32\KERNELBASE.dll
0x00007ffece500000 - 0x00007ffece694000 	C:\WINDOWS\System32\USER32.dll
0x00007ffecd5b0000 - 0x00007ffecd5d1000 	C:\WINDOWS\System32\win32u.dll
0x00007ffece8b0000 - 0x00007ffece8d6000 	C:\WINDOWS\System32\GDI32.dll
0x00007ffecd630000 - 0x00007ffecd7c4000 	C:\WINDOWS\System32\gdi32full.dll
0x00007ffecda80000 - 0x00007ffecdb1e000 	C:\WINDOWS\System32\msvcp_win.dll
0x00007ffeccb70000 - 0x00007ffeccc6a000 	C:\WINDOWS\System32\ucrtbase.dll
0x00007ffec26d0000 - 0x00007ffec2955000 	C:\WINDOWS\WinSxS\amd64_microsoft.windows.common-controls_6595b64144ccf1df_6.0.18362.535_none_e6c3b34713100821\COMCTL32.dll
0x00007ffecf7f0000 - 0x00007ffecf88e000 	C:\WINDOWS\System32\msvcrt.dll
0x00007ffecf400000 - 0x00007ffecf736000 	C:\WINDOWS\System32\combase.dll
0x00007ffece3e0000 - 0x00007ffece500000 	C:\WINDOWS\System32\RPCRT4.dll
0x00007ffeccc70000 - 0x00007ffecccf0000 	C:\WINDOWS\System32\bcryptPrimitives.dll
0x00007ffece750000 - 0x00007ffece77e000 	C:\WINDOWS\System32\IMM32.DLL
0x00007ffebd7b0000 - 0x00007ffebd7c7000 	C:\Program Files\JetBrains\PhpStorm 2019.3\jbr\bin\vcruntime140.dll
0x00007ffe96370000 - 0x00007ffe9640d000 	C:\Program Files\JetBrains\PhpStorm 2019.3\jbr\bin\msvcp140.dll
0x00007ffe6d7e0000 - 0x00007ffe6e298000 	C:\Program Files\JetBrains\PhpStorm 2019.3\jbr\bin\server\jvm.dll
0x00007ffecf740000 - 0x00007ffecf7e3000 	C:\WINDOWS\System32\ADVAPI32.dll
0x00007ffece810000 - 0x00007ffece8a7000 	C:\WINDOWS\System32\sechost.dll
0x00007ffecfb90000 - 0x00007ffecfb98000 	C:\WINDOWS\System32\PSAPI.DLL
0x00007ffeb7d80000 - 0x00007ffeb7d89000 	C:\WINDOWS\SYSTEM32\WSOCK32.dll
0x00007ffec9540000 - 0x00007ffec9564000 	C:\WINDOWS\SYSTEM32\WINMM.dll
0x00007ffecba80000 - 0x00007ffecba8a000 	C:\WINDOWS\SYSTEM32\VERSION.dll
0x00007ffecf2e0000 - 0x00007ffecf34f000 	C:\WINDOWS\System32\WS2_32.dll
0x00007ffec9510000 - 0x00007ffec953d000 	C:\WINDOWS\SYSTEM32\winmmbase.dll
0x00007ffecd5e0000 - 0x00007ffecd62a000 	C:\WINDOWS\System32\cfgmgr32.dll
0x00007ffeccac0000 - 0x00007ffeccad1000 	C:\WINDOWS\System32\kernel.appcore.dll
0x00007ffec4280000 - 0x00007ffec4291000 	C:\Program Files\JetBrains\PhpStorm 2019.3\jbr\bin\verify.dll
0x00007ffebbd90000 - 0x00007ffebbf84000 	C:\WINDOWS\SYSTEM32\DBGHELP.DLL
0x00007ffeb88c0000 - 0x00007ffeb88ea000 	C:\WINDOWS\SYSTEM32\dbgcore.DLL
0x00007ffebe5d0000 - 0x00007ffebe5f9000 	C:\Program Files\JetBrains\PhpStorm 2019.3\jbr\bin\java.dll
0x00007ffebe5b0000 - 0x00007ffebe5c7000 	C:\Program Files\JetBrains\PhpStorm 2019.3\jbr\bin\zip.dll
0x00007ffec4920000 - 0x00007ffec492b000 	C:\Program Files\JetBrains\PhpStorm 2019.3\jbr\bin\jimage.dll

dbghelp: loaded successfully - version: 4.0.5 - missing functions: none
symbol engine: initialized successfully - sym options: 0x614 - pdb path: .;C:\Program Files\JetBrains\PhpStorm 2019.3\jbr\bin;C:\WINDOWS\SYSTEM32;C:\WINDOWS\WinSxS\amd64_microsoft.windows.common-controls_6595b64144ccf1df_6.0.18362.535_none_e6c3b34713100821;C:\Program Files\JetBrains\PhpStorm 2019.3\jbr\bin\server

VM Arguments:
java_command: org.jetbrains.git4idea.http.GitAskPassApp Username for 'https://github.com': 
java_class_path (initial): C:/Program Files/JetBrains/PhpStorm 2019.3/plugins/git4idea/lib/git4idea-rt.jar;C:/Program Files/JetBrains/PhpStorm 2019.3/lib/xmlrpc-2.0.1.jar;C:/Program Files/JetBrains/PhpStorm 2019.3/lib/commons-codec-1.13.jar;C:/Program Files/JetBrains/PhpStorm 2019.3/lib/util.jar
Launcher Type: SUN_STANDARD

[Global flags]
     intx CICompilerCount                          = 3                                         {product} {ergonomic}
     uint ConcGCThreads                            = 1                                         {product} {ergonomic}
     uint G1ConcRefinementThreads                  = 4                                         {product} {ergonomic}
   size_t G1HeapRegionSize                         = 1048576                                   {product} {ergonomic}
    uintx GCDrainStackTargetSize                   = 64                                        {product} {ergonomic}
   size_t InitialHeapSize                          = 125829120                                 {product} {ergonomic}
   size_t MarkStackSize                            = 4194304                                   {product} {ergonomic}
   size_t MaxHeapSize                              = 1996488704                                {product} {ergonomic}
   size_t MinHeapDeltaBytes                        = 1048576                                   {product} {ergonomic}
    uintx NonNMethodCodeHeapSize                   = 5830092                                {pd product} {ergonomic}
    uintx NonProfiledCodeHeapSize                  = 122914074                              {pd product} {ergonomic}
    uintx ProfiledCodeHeapSize                     = 122914074                              {pd product} {ergonomic}
    uintx ReservedCodeCacheSize                    = 251658240                              {pd product} {ergonomic}
     bool SegmentedCodeCache                       = true                                      {product} {ergonomic}
     bool UseCompressedClassPointers               = true                                 {lp64_product} {ergonomic}
     bool UseCompressedOops                        = true                                 {lp64_product} {ergonomic}
     bool UseG1GC                                  = true                                      {product} {ergonomic}
     bool UseLargePagesIndividualAllocation        = false                                  {pd product} {ergonomic}

Logging:
Log output configuration:
 #0: stdout all=warning uptime,level,tags
 #1: stderr all=off uptime,level,tags

Environment Variables:
JAVA_HOME=C:\Program Files\Java\jdk1.8.0_211
PATH=C:\Program Files\Git\mingw64\libexec\git-core;C:\Program Files\Git\mingw64\libexec\git-core;C:\Program Files\Git\mingw64\bin;C:\Program Files\Git\usr\bin;C:\Users\wende\bin;C:\ProgramData\DockerDesktop\version-bin;C:\Program Files\Docker\Docker\Resources\bin;C:\Program Files (x86)\Common Files\Oracle\Java\javapath;C:\Program Files (x86)\PHP\v7.2;C:\windows\system32\inetsrv;C:\windows\system32;C:\windows;C:\windows\System32\Wbem;C:\windows\System32\WindowsPowerShell\v1.0;C:\xampp2\php;C:\ProgramData\ComposerSetup\bin;C:\Program Files\Git\cmd;C:\Program Files\Microsoft\Web Platform Installer;C:\Users\wende\AppData\Local\Microsoft\WindowsApps;C:\Users\wende\AppData\Roaming\Composer\vendor\bin;C:\Users\wende\AppData\Local\GitHubDesktop\bin;C:\WINDOWS\system32;C:\WINDOWS;C:\WINDOWS\System32\Wbem;C:\WINDOWS\System32\WindowsPowerShell\v1.0;C:\WINDOWS\System32\OpenSSH;C:\Program Files\dotnet;C:\Program Files\Microsoft SQL Server\130\Tools\Binn;C:\Program Files\TortoiseSVN\bin;C:\Program Files\Intel\WiFi\bin;C:\Program Files\Common Files\Intel\WirelessCommon;C:\flutter\bin;C:\gradle-5.4.1\bin;C:\ProgramData\chocolatey\bin;C:\Program Files\nodejs;C:\Program Files (x86)\Yarn\bin;C:\Program Files\Microsoft SQL Server\Client SDK\ODBC\170\Tools\Binn;C:\Users\wende\AppData\Local\Programs\Python\Python37-32\Scripts;C:\Users\wende\AppData\Local\Programs\Python\Python37-32;C:\Users\wende\AppData\Local\Microsoft\WindowsApps;C:\Users\wende\AppData\Roaming\Composer\vendor\bin;C:\Users\wende\AppData\Local\GitHubDesktop\bin;C:\Users\wende\AppData\Local\Microsoft\WindowsApps;C:\Users\wende\.dotnet\tools;C:\bin;C:\Program Files\Java\jdk-11.0.1\bin;C:\Program Files\JetBrains\IntelliJ IDEA Community Edition 2019.2\bin;C:\gradle-5.4.1\bin;C:\Users\wende\AppData\Roaming\npm;C:\Users\wende\AppData\Local\Yarn\bin;C:\Gradle\bin;C:\Users\wende\AppData\Local\Programs\Microsoft VS Code\bin;C:\tools\dart-sdk\bin;C:\Users\wende\AppData\Roaming\Pub\Cache\bin;C:\Users\wende\AppData\Roaming\Composer\ven
USERNAME=wende
DISPLAY=:0.0
OS=Windows_NT
PROCESSOR_IDENTIFIER=AMD64 Family 21 Model 101 Stepping 1, AuthenticAMD



---------------  S Y S T E M  ---------------

OS: Windows 10 , 64 bit Build 18362 (10.0.18362.329)

CPU:total 4 (initial active 4) (4 cores per cpu, 1 threads per core) family 21 model 101 stepping 1, cmov, cx8, fxsr, mmx, sse, sse2, sse3, ssse3, sse4.1, sse4.2, popcnt, avx, avx2, aes, clmul, mmxext, 3dnowpref, lzcnt, sse4a, tsc, tscinvbit, tscinv, bmi1, bmi2, fma

Memory: 4k page, system-wide physical 7610M (863M free)
TotalPageFile size 7610M (AvailPageFile size 49M)
current process WorkingSet (physical memory assigned to process): 9M, peak: 9M
current process commit charge ("private bytes"): 51M, peak: 171M

vm_info: OpenJDK 64-Bit Server VM (11.0.4+10-b520.11) for windows-amd64 JRE (11.0.4+10-b520.11), built on Nov 16 2019 04:35:14 by "" with MS VC++ 14.0 (VS2015)

END.
